CRITICAL - 2025-02-19 13:48:30 --> ArgumentCountError: Too few arguments to function App\Controllers\Home::okres(), 1 passed in C:\laragon\www\smid\obce\vendor\codeigniter4\framework\system\CodeIgniter.php on line 933 and exactly 2 expected
[Method: GET, Route: okres/3705]
in APPPATH\Controllers\Home.php on line 49.
 1 SYSTEMPATH\CodeIgniter.php(933): App\Controllers\Home->okres('3705')
 2 SYSTEMPATH\CodeIgniter.php(507): CodeIgniter\CodeIgniter->runController(Object(App\Controllers\Home))
 3 SYSTEMPATH\CodeIgniter.php(354): CodeIgniter\CodeIgniter->handleRequest(null, Object(Config\Cache), false)
 4 SYSTEMPATH\Boot.php(334): CodeIgniter\CodeIgniter->run()
 5 SYSTEMPATH\Boot.php(67): CodeIgniter\Boot::runCodeIgniter(Object(CodeIgniter\CodeIgniter))
 6 FCPATH\index.php(56): CodeIgniter\Boot::bootWeb(Object(Config\Paths))
CRITICAL - 2025-02-19 13:48:41 --> ArgumentCountError: Too few arguments to function App\Controllers\Home::okres(), 1 passed in C:\laragon\www\smid\obce\vendor\codeigniter4\framework\system\CodeIgniter.php on line 933 and exactly 2 expected
[Method: GET, Route: okres/3705]
in APPPATH\Controllers\Home.php on line 49.
 1 SYSTEMPATH\CodeIgniter.php(933): App\Controllers\Home->okres('3705')
 2 SYSTEMPATH\CodeIgniter.php(507): CodeIgniter\CodeIgniter->runController(Object(App\Controllers\Home))
 3 SYSTEMPATH\CodeIgniter.php(354): CodeIgniter\CodeIgniter->handleRequest(null, Object(Config\Cache), false)
 4 SYSTEMPATH\Boot.php(334): CodeIgniter\CodeIgniter->run()
 5 SYSTEMPATH\Boot.php(67): CodeIgniter\Boot::runCodeIgniter(Object(CodeIgniter\CodeIgniter))
 6 FCPATH\index.php(56): CodeIgniter\Boot::bootWeb(Object(Config\Paths))
CRITICAL - 2025-02-19 13:56:48 --> ArgumentCountError: Too few arguments to function App\Controllers\Home::okres(), 1 passed in C:\laragon\www\smid\obce\vendor\codeigniter4\framework\system\CodeIgniter.php on line 933 and exactly 2 expected
[Method: GET, Route: okres/3705]
in APPPATH\Controllers\Home.php on line 49.
 1 SYSTEMPATH\CodeIgniter.php(933): App\Controllers\Home->okres('3705')
 2 SYSTEMPATH\CodeIgniter.php(507): CodeIgniter\CodeIgniter->runController(Object(App\Controllers\Home))
 3 SYSTEMPATH\CodeIgniter.php(354): CodeIgniter\CodeIgniter->handleRequest(null, Object(Config\Cache), false)
 4 SYSTEMPATH\Boot.php(334): CodeIgniter\CodeIgniter->run()
 5 SYSTEMPATH\Boot.php(67): CodeIgniter\Boot::runCodeIgniter(Object(CodeIgniter\CodeIgniter))
 6 FCPATH\index.php(56): CodeIgniter\Boot::bootWeb(Object(Config\Paths))
CRITICAL - 2025-02-19 13:56:55 --> ArgumentCountError: Too few arguments to function App\Controllers\Home::okres(), 1 passed in C:\laragon\www\smid\obce\vendor\codeigniter4\framework\system\CodeIgniter.php on line 933 and exactly 2 expected
[Method: GET, Route: okres/3705]
in APPPATH\Controllers\Home.php on line 49.
 1 SYSTEMPATH\CodeIgniter.php(933): App\Controllers\Home->okres('3705')
 2 SYSTEMPATH\CodeIgniter.php(507): CodeIgniter\CodeIgniter->runController(Object(App\Controllers\Home))
 3 SYSTEMPATH\CodeIgniter.php(354): CodeIgniter\CodeIgniter->handleRequest(null, Object(Config\Cache), false)
 4 SYSTEMPATH\Boot.php(334): CodeIgniter\CodeIgniter->run()
 5 SYSTEMPATH\Boot.php(67): CodeIgniter\Boot::runCodeIgniter(Object(CodeIgniter\CodeIgniter))
 6 FCPATH\index.php(56): CodeIgniter\Boot::bootWeb(Object(Config\Paths))
